{
  "RSpec": {
    "coverage": {
      "/Users/wvmitchell/Dropbox/gSchool/SocialSmarts/app/controllers/api/v1/klout_controller.rb": [
        1,
        1,
        null,
        1,
        0,
        null,
        null,
        1,
        0,
        0,
        0,
        0,
        0,
        0,
        null,
        0,
        null,
        null,
        null,
        null
      ],
      "/Users/wvmitchell/Dropbox/gSchool/SocialSmarts/app/controllers/application_controller.rb": [
        1,
        null,
        null,
        1,
        null,
        1,
        null,
        1,
        null,
        1,
        68,
        null,
        null
      ],
      "/Users/wvmitchell/Dropbox/gSchool/SocialSmarts/spec/controllers/api/v1/mentions_controller_spec.rb": [
        1,
        null,
        1,
        null,
        null
      ],
      "/Users/wvmitchell/Dropbox/gSchool/SocialSmarts/app/controllers/api/v1/mentions_controller.rb": [
        1,
        1,
        1,
        0,
        null,
        null,
        1,
        0,
        null,
        null
      ],
      "/Users/wvmitchell/Dropbox/gSchool/SocialSmarts/spec/features/dashboard_index_spec.rb": [
        1,
        null,
        1,
        null,
        1,
        3,
        3,
        3,
        3,
        3,
        3,
        null,
        null,
        1,
        1,
        null,
        null,
        1,
        1,
        1,
        1,
        1,
        1,
        null,
        1,
        null,
        null,
        1,
        1,
        1,
        1,
        1,
        1,
        null,
        1,
        null,
        null,
        null
      ],
      "/Users/wvmitchell/Dropbox/gSchool/SocialSmarts/spec/helpers/api/v1/klout_helper_spec.rb": [
        1,
        null,
        1,
        null
      ],
      "/Users/wvmitchell/Dropbox/gSchool/SocialSmarts/spec/helpers/api/v1/mentions_helper_spec.rb": [
        1,
        null,
        1,
        null
      ],
      "/Users/wvmitchell/Dropbox/gSchool/SocialSmarts/spec/models/klout_fetcher_spec.rb": [
        1,
        null,
        1,
        1,
        2,
        2,
        null,
        null,
        1,
        1,
        1,
        null,
        null,
        1,
        1,
        null,
        null
      ],
      "/Users/wvmitchell/Dropbox/gSchool/SocialSmarts/app/models/klout_fetcher.rb": [
        1,
        null,
        1,
        null,
        1,
        2,
        2,
        2,
        2,
        2,
        null,
        null,
        null,
        1,
        1,
        1,
        null,
        null,
        null
      ],
      "/Users/wvmitchell/Dropbox/gSchool/SocialSmarts/spec/models/mention_spec.rb": [
        1,
        null,
        1,
        1,
        1,
        1,
        1,
        1,
        null,
        null,
        1,
        1,
        1,
        1,
        1,
        1,
        1,
        1,
        null,
        null,
        1,
        1,
        1,
        1,
        1,
        1,
        1,
        1,
        null,
        null
      ],
      "/Users/wvmitchell/Dropbox/gSchool/SocialSmarts/app/models/mention.rb": [
        1,
        null,
        1,
        1,
        1,
        null,
        1,
        1,
        1,
        1,
        20,
        20,
        20,
        20,
        20,
        20,
        20,
        20,
        20,
        20,
        20,
        20,
        null,
        null,
        null,
        1,
        2,
        null,
        null,
        1,
        2,
        null,
        null,
        1,
        5,
        null,
        null,
        1,
        3,
        3,
        null,
        null,
        1,
        2,
        2,
        null,
        null,
        1,
        0,
        0,
        null,
        null
      ],
      "/Users/wvmitchell/Dropbox/gSchool/SocialSmarts/spec/models/tweet_fetcher_spec.rb": [
        1,
        null,
        1,
        null,
        1,
        2,
        2,
        null,
        null,
        1,
        1,
        1,
        20,
        null,
        null,
        null,
        1,
        1,
        1,
        1,
        1,
        null,
        null,
        null
      ],
      "/Users/wvmitchell/Dropbox/gSchool/SocialSmarts/app/models/tweet_fetcher.rb": [
        1,
        null,
        1,
        null,
        1,
        3,
        3,
        3,
        3,
        3,
        null,
        null,
        null,
        1,
        2,
        null,
        null,
        1,
        1,
        1,
        1,
        null,
        null,
        1,
        0,
        null,
        null,
        null
      ],
      "/Users/wvmitchell/Dropbox/gSchool/SocialSmarts/app/models/user.rb": [
        1,
        1,
        null,
        1,
        3,
        3,
        3,
        3,
        3,
        3,
        3,
        3,
        3,
        null,
        null,
        null
      ],
      "/Users/wvmitchell/Dropbox/gSchool/SocialSmarts/app/controllers/sessions_controller.rb": [
        1,
        1,
        null,
        null,
        1,
        3,
        3,
        3,
        3,
        null,
        null,
        1,
        0,
        0,
        null,
        null
      ],
      "/Users/wvmitchell/Dropbox/gSchool/SocialSmarts/app/controllers/dashboard_controller.rb": [
        1,
        null,
        1,
        5,
        5,
        5,
        5,
        5,
        null,
        null,
        null,
        1,
        1,
        1,
        null,
        null,
        1,
        0,
        0,
        0,
        0,
        null,
        null,
        1,
        1,
        1,
        null,
        null,
        1,
        0,
        0,
        0,
        0,
        null,
        0,
        null,
        null,
        1,
        1,
        null,
        null,
        1,
        1,
        null,
        null,
        1,
        0,
        null,
        null,
        null
      ],
      "/Users/wvmitchell/Dropbox/gSchool/SocialSmarts/app/jobs/mention_fetcher_worker.rb": [
        1,
        null,
        1,
        null,
        1,
        0,
        null,
        null,
        null
      ],
      "/Users/wvmitchell/Dropbox/gSchool/SocialSmarts/app/jobs/klout_fetcher_worker.rb": [
        1,
        null,
        1,
        null,
        1,
        0,
        0,
        0,
        0,
        0,
        0,
        null,
        null,
        null,
        null
      ]
    },
    "timestamp": 1390426078
  }
}
